[16/Apr/2018 11:34:57] "GET /VLookUpTool/vlookupform HTTP/1.1" 200 8378
[16/Apr/2018 11:34:57] "GET /static/assets/js/modernizr.js HTTP/1.1" 404 1683
[16/Apr/2018 11:35:50] "GET /VLookUpTool/vlookupform HTTP/1.1" 200 8378
[16/Apr/2018 11:59:37] "GET /VLookUpTool/vlookupform HTTP/1.1" 200 8378
[16/Apr/2018 11:59:38] "GET /static/assets/css/style.css HTTP/1.1" 200 8013
[16/Apr/2018 11:59:38] "GET /static/assets/css/nav_tab.css HTTP/1.1" 200 1873
[16/Apr/2018 11:59:38] "GET /static/assets/css/jquery-linedtextarea.css HTTP/1.1" 200 1294
[16/Apr/2018 11:59:38] "GET /static/assets/css/font-awesome.min.css HTTP/1.1" 200 17780
[16/Apr/2018 11:59:38] "GET /static/assets/css/excel-bootstrap-table-filter-style.css HTTP/1.1" 200 1412
[16/Apr/2018 11:59:38] "GET /static/assets/css/bootstrap.css HTTP/1.1" 200 121220
[16/Apr/2018 11:59:38] "GET /static/assets/css/prettyPhoto.css HTTP/1.1" 200 19788
[16/Apr/2018 11:59:38] "GET /static/assets/js/modernizr.js HTTP/1.1" 404 1683
[16/Apr/2018 11:59:38] "GET /static/assets/css/hoverex-all.css HTTP/1.1" 200 50809
[16/Apr/2018 11:59:39] "GET /static/assets/js/retina-1.1.0.js HTTP/1.1" 200 3995
[16/Apr/2018 11:59:39] "GET /static/assets/js/bootstrap.min.js HTTP/1.1" 200 29110
[16/Apr/2018 11:59:39] "GET /static/assets/js/jquery.hoverex.min.js HTTP/1.1" 200 3768
[16/Apr/2018 11:59:39] "GET /static/assets/js/jquery.prettyPhoto.js HTTP/1.1" 200 22060
[16/Apr/2018 11:59:39] "GET /static/assets/js/jquery.hoverdir.js HTTP/1.1" 200 5307
[16/Apr/2018 11:59:39] "GET /static/assets/fonts/fontawesome-webfont.woff?v=4.0.3 HTTP/1.1" 200 44432
[16/Apr/2018 11:59:39] "GET /static/assets/js/jquery.isotope.min.js HTTP/1.1" 200 16033
[16/Apr/2018 11:59:39] "GET /static/assets/js/custom.js HTTP/1.1" 200 368
[16/Apr/2018 11:59:39] "GET /static/assets/js/jquery-linedtextarea.js HTTP/1.1" 200 4133
[16/Apr/2018 11:59:39] "GET /static/assets/js/excel-bootstrap-table-filter-bundle.js HTTP/1.1" 200 14139
[16/Apr/2018 11:59:40] "GET /static/assets/ico/favicon.ico HTTP/1.1" 404 1683
[16/Apr/2018 12:00:40] "GET /static/assets/js/modernizr.js HTTP/1.1" 404 1683
[16/Apr/2018 12:00:40] "POST /VLookUpTool/vlookupform HTTP/1.1" 200 139186
[16/Apr/2018 12:00:41] "GET /static/assets/fonts/glyphicons-halflings-regular.woff HTTP/1.1" 200 23320
[16/Apr/2018 12:01:58] "GET /static/assets/js/modernizr.js HTTP/1.1" 404 1683
[16/Apr/2018 12:01:58] "POST /VLookUpTool/vlookupform HTTP/1.1" 200 138140
Not Found: /VLookUpTool/about.html
[16/Apr/2018 12:06:10] "GET /VLookUpTool/about.html HTTP/1.1" 404 2199
Not Found: /favicon.ico
[16/Apr/2018 12:06:10] "GET /favicon.ico HTTP/1.1" 404 2083
[16/Apr/2018 12:06:11] "GET /static/assets/js/modernizr.js HTTP/1.1" 404 1683
[16/Apr/2018 12:38:47] "POST /VLookUpTool/vlookupform HTTP/1.1" 200 20058
[16/Apr/2018 12:38:48] "GET /static/assets/js/modernizr.js HTTP/1.1" 404 1683
[16/Apr/2018 12:38:58] "POST /VLookUpTool/vlookupform HTTP/1.1" 200 20740
[16/Apr/2018 12:38:58] "GET /static/assets/js/modernizr.js HTTP/1.1" 404 1683
[16/Apr/2018 12:39:17] "POST /VLookUpTool/vlookupform HTTP/1.1" 200 21158
[16/Apr/2018 12:39:17] "GET /static/assets/js/modernizr.js HTTP/1.1" 404 1683
[16/Apr/2018 15:00:44] "GET /VLookUpTool/vlookupform HTTP/1.1" 200 8378
[16/Apr/2018 15:00:44] "GET /static/assets/css/font-awesome.min.css HTTP/1.1" 200 17780
[16/Apr/2018 15:00:44] "GET /static/assets/js/modernizr.js HTTP/1.1" 404 1683
[16/Apr/2018 15:00:44] "GET /static/assets/css/jquery-linedtextarea.css HTTP/1.1" 200 1294
[16/Apr/2018 15:00:44] "GET /static/assets/css/style.css HTTP/1.1" 200 8013
[16/Apr/2018 15:00:44] "GET /static/assets/css/nav_tab.css HTTP/1.1" 200 1873
[16/Apr/2018 15:00:45] "GET /static/assets/css/bootstrap.css HTTP/1.1" 200 121220
[16/Apr/2018 15:00:45] "GET /static/assets/js/jquery.hoverex.min.js HTTP/1.1" 200 3768
[16/Apr/2018 15:00:45] "GET /static/assets/js/jquery.hoverdir.js HTTP/1.1" 200 5307
[16/Apr/2018 15:00:45] "GET /static/assets/js/retina-1.1.0.js HTTP/1.1" 200 3995
[16/Apr/2018 15:00:45] "GET /static/assets/js/jquery.prettyPhoto.js HTTP/1.1" 200 22060
[16/Apr/2018 15:00:45] "GET /static/assets/css/excel-bootstrap-table-filter-style.css HTTP/1.1" 200 1412
[16/Apr/2018 15:00:45] "GET /static/assets/js/bootstrap.min.js HTTP/1.1" 200 29110
[16/Apr/2018 15:00:45] "GET /static/assets/css/prettyPhoto.css HTTP/1.1" 200 19788
[16/Apr/2018 15:00:46] "GET /static/assets/css/hoverex-all.css HTTP/1.1" 200 50809
[16/Apr/2018 15:00:46] "GET /static/assets/js/jquery.isotope.min.js HTTP/1.1" 200 16033
[16/Apr/2018 15:00:46] "GET /static/assets/js/custom.js HTTP/1.1" 200 368
[16/Apr/2018 15:00:46] "GET /static/assets/js/jquery-linedtextarea.js HTTP/1.1" 200 4133
[16/Apr/2018 15:00:46] "GET /static/assets/js/excel-bootstrap-table-filter-bundle.js HTTP/1.1" 200 14139
[16/Apr/2018 15:00:47] "GET /static/assets/fonts/fontawesome-webfont.eot? HTTP/1.1" 200 38205
[16/Apr/2018 15:00:47] "GET /static/assets/ico/favicon.ico HTTP/1.1" 404 1683
Not Found: /favicon.ico
[16/Apr/2018 15:00:48] "GET /favicon.ico HTTP/1.1" 404 2083
[16/Apr/2018 15:46:35] "GET /VLookUpTool/vlookupform HTTP/1.1" 200 8378
[16/Apr/2018 15:46:35] "GET /static/assets/css/font-awesome.min.css HTTP/1.1" 200 17780
[16/Apr/2018 15:46:35] "GET /static/assets/css/style.css HTTP/1.1" 200 8013
[16/Apr/2018 15:46:35] "GET /static/assets/css/jquery-linedtextarea.css HTTP/1.1" 200 1294
[16/Apr/2018 15:46:35] "GET /static/assets/css/nav_tab.css HTTP/1.1" 200 1873
[16/Apr/2018 15:46:35] "GET /static/assets/css/excel-bootstrap-table-filter-style.css HTTP/1.1" 200 1412
[16/Apr/2018 15:46:35] "GET /static/assets/css/bootstrap.css HTTP/1.1" 200 121220
[16/Apr/2018 15:46:35] "GET /static/assets/css/prettyPhoto.css HTTP/1.1" 200 19788
[16/Apr/2018 15:46:35] "GET /static/assets/js/modernizr.js HTTP/1.1" 404 1683
[16/Apr/2018 15:46:35] "GET /static/assets/js/bootstrap.min.js HTTP/1.1" 200 29110
[16/Apr/2018 15:46:35] "GET /static/assets/js/retina-1.1.0.js HTTP/1.1" 200 3995
[16/Apr/2018 15:46:36] "GET /static/assets/js/jquery.hoverdir.js HTTP/1.1" 200 5307
[16/Apr/2018 15:46:36] "GET /static/assets/css/hoverex-all.css HTTP/1.1" 200 50809
[16/Apr/2018 15:46:36] "GET /static/assets/js/jquery.hoverex.min.js HTTP/1.1" 200 3768
[16/Apr/2018 15:46:36] "GET /static/assets/js/jquery.prettyPhoto.js HTTP/1.1" 200 22060
[16/Apr/2018 15:46:36] "GET /static/assets/js/jquery.isotope.min.js HTTP/1.1" 200 16033
[16/Apr/2018 15:46:36] "GET /static/assets/js/custom.js HTTP/1.1" 200 368
[16/Apr/2018 15:46:36] "GET /static/assets/js/jquery-linedtextarea.js HTTP/1.1" 200 4133
[16/Apr/2018 15:46:36] "GET /static/assets/js/excel-bootstrap-table-filter-bundle.js HTTP/1.1" 200 14139
[16/Apr/2018 15:46:37] "GET /static/assets/fonts/fontawesome-webfont.woff?v=4.0.3 HTTP/1.1" 200 44432
[16/Apr/2018 15:46:37] "GET /static/assets/ico/favicon.ico HTTP/1.1" 404 1683
[17/Apr/2018 13:56:13] "GET /VLookUpTool/vlookupform HTTP/1.1" 200 8378
[17/Apr/2018 13:56:14] "GET /static/assets/js/modernizr.js HTTP/1.1" 404 1683
[17/Apr/2018 13:56:14] "GET /static/assets/css/style.css HTTP/1.1" 200 8013
[17/Apr/2018 13:56:14] "GET /static/assets/css/font-awesome.min.css HTTP/1.1" 200 17780
[17/Apr/2018 13:56:14] "GET /static/assets/css/nav_tab.css HTTP/1.1" 200 1873
[17/Apr/2018 13:56:14] "GET /static/assets/css/jquery-linedtextarea.css HTTP/1.1" 200 1294
[17/Apr/2018 13:56:14] "GET /static/assets/css/bootstrap.css HTTP/1.1" 200 121220
[17/Apr/2018 13:56:14] "GET /static/assets/js/retina-1.1.0.js HTTP/1.1" 200 3995
[17/Apr/2018 13:56:14] "GET /static/assets/css/excel-bootstrap-table-filter-style.css HTTP/1.1" 200 1412
[17/Apr/2018 13:56:14] "GET /static/assets/js/bootstrap.min.js HTTP/1.1" 200 29110
[17/Apr/2018 13:56:14] "GET /static/assets/js/jquery.hoverdir.js HTTP/1.1" 200 5307
[17/Apr/2018 13:56:14] "GET /static/assets/js/jquery.hoverex.min.js HTTP/1.1" 200 3768
[17/Apr/2018 13:56:14] "GET /static/assets/js/jquery.prettyPhoto.js HTTP/1.1" 200 22060
[17/Apr/2018 13:56:14] "GET /static/assets/js/custom.js HTTP/1.1" 200 368
[17/Apr/2018 13:56:14] "GET /static/assets/js/jquery.isotope.min.js HTTP/1.1" 200 16033
[17/Apr/2018 13:56:14] "GET /static/assets/css/prettyPhoto.css HTTP/1.1" 200 19788
[17/Apr/2018 13:56:14] "GET /static/assets/js/jquery-linedtextarea.js HTTP/1.1" 200 4133
[17/Apr/2018 13:56:14] "GET /static/assets/css/hoverex-all.css HTTP/1.1" 200 50809
[17/Apr/2018 13:56:14] "GET /static/assets/js/excel-bootstrap-table-filter-bundle.js HTTP/1.1" 200 14139
[17/Apr/2018 13:56:15] "GET /static/assets/fonts/fontawesome-webfont.eot? HTTP/1.1" 200 38205
[17/Apr/2018 13:56:15] "GET /static/assets/ico/favicon.ico HTTP/1.1" 404 1683
Not Found: /favicon.ico
[17/Apr/2018 13:56:16] "GET /favicon.ico HTTP/1.1" 404 2083
[17/Apr/2018 15:39:34] "GET /VLookUpTool/vlookupform HTTP/1.1" 200 8378
[17/Apr/2018 15:39:35] "GET /static/assets/css/style.css HTTP/1.1" 200 8013
[17/Apr/2018 15:39:35] "GET /static/assets/css/font-awesome.min.css HTTP/1.1" 200 17780
[17/Apr/2018 15:39:35] "GET /static/assets/css/jquery-linedtextarea.css HTTP/1.1" 200 1294
[17/Apr/2018 15:39:35] "GET /static/assets/css/bootstrap.css HTTP/1.1" 200 121220
[17/Apr/2018 15:39:36] "GET /static/assets/css/nav_tab.css HTTP/1.1" 200 1873
[17/Apr/2018 15:39:36] "GET /static/assets/css/excel-bootstrap-table-filter-style.css HTTP/1.1" 200 1412
[17/Apr/2018 15:39:36] "GET /static/assets/css/prettyPhoto.css HTTP/1.1" 200 19788
[17/Apr/2018 15:39:36] "GET /static/assets/js/modernizr.js HTTP/1.1" 404 1683
[17/Apr/2018 15:39:36] "GET /static/assets/js/custom.js HTTP/1.1" 200 368
[17/Apr/2018 15:39:36] "GET /static/assets/css/hoverex-all.css HTTP/1.1" 200 50809
[17/Apr/2018 15:39:36] "GET /static/assets/fonts/fontawesome-webfont.woff?v=4.0.3 HTTP/1.1" 200 44432
[17/Apr/2018 15:39:37] "GET /static/assets/ico/favicon.ico HTTP/1.1" 404 1683
[17/Apr/2018 15:40:39] "GET /static/assets/js/modernizr.js HTTP/1.1" 404 1683
[17/Apr/2018 15:40:39] "POST /VLookUpTool/vlookupform HTTP/1.1" 200 568342
[17/Apr/2018 15:40:40] "GET /static/assets/fonts/glyphicons-halflings-regular.woff HTTP/1.1" 200 23320
[17/Apr/2018 16:04:10] "GET /VLookUpTool/vlookupform HTTP/1.1" 200 8378
[17/Apr/2018 16:04:10] "GET /static/assets/css/style.css HTTP/1.1" 200 8013
[17/Apr/2018 16:04:10] "GET /static/assets/css/font-awesome.min.css HTTP/1.1" 200 17780
[17/Apr/2018 16:04:10] "GET /static/assets/css/jquery-linedtextarea.css HTTP/1.1" 200 1294
[17/Apr/2018 16:04:10] "GET /static/assets/css/nav_tab.css HTTP/1.1" 200 1873
[17/Apr/2018 16:04:10] "GET /static/assets/css/excel-bootstrap-table-filter-style.css HTTP/1.1" 200 1412
[17/Apr/2018 16:04:10] "GET /static/assets/css/bootstrap.css HTTP/1.1" 200 121220
[17/Apr/2018 16:04:10] "GET /static/assets/css/prettyPhoto.css HTTP/1.1" 200 19788
[17/Apr/2018 16:04:10] "GET /static/assets/js/modernizr.js HTTP/1.1" 404 1683
[17/Apr/2018 16:04:10] "GET /static/assets/js/bootstrap.min.js HTTP/1.1" 200 29110
[17/Apr/2018 16:04:10] "GET /static/assets/css/hoverex-all.css HTTP/1.1" 200 50809
[17/Apr/2018 16:04:10] "GET /static/assets/js/retina-1.1.0.js HTTP/1.1" 200 3995
[17/Apr/2018 16:04:10] "GET /static/assets/js/jquery.hoverdir.js HTTP/1.1" 200 5307
[17/Apr/2018 16:04:10] "GET /static/assets/js/jquery.hoverex.min.js HTTP/1.1" 200 3768
[17/Apr/2018 16:04:11] "GET /static/assets/js/jquery.prettyPhoto.js HTTP/1.1" 200 22060
[17/Apr/2018 16:04:11] "GET /static/assets/js/jquery.isotope.min.js HTTP/1.1" 200 16033
[17/Apr/2018 16:04:11] "GET /static/assets/js/custom.js HTTP/1.1" 200 368
[17/Apr/2018 16:04:11] "GET /static/assets/js/jquery-linedtextarea.js HTTP/1.1" 200 4133
[17/Apr/2018 16:04:11] "GET /static/assets/js/excel-bootstrap-table-filter-bundle.js HTTP/1.1" 200 14139
[17/Apr/2018 16:04:11] "GET /static/assets/fonts/fontawesome-webfont.woff?v=4.0.3 HTTP/1.1" 200 44432
[17/Apr/2018 16:04:11] "GET /static/assets/ico/favicon.ico HTTP/1.1" 404 1683
[18/Apr/2018 11:13:30] "GET /VLookUpTool/vlookupform HTTP/1.1" 200 8378
[18/Apr/2018 11:13:30] "GET /static/assets/js/modernizr.js HTTP/1.1" 404 1683
[18/Apr/2018 11:14:33] "GET /static/assets/js/modernizr.js HTTP/1.1" 404 1683
[18/Apr/2018 11:14:33] "POST /VLookUpTool/vlookupform HTTP/1.1" 200 568342
[18/Apr/2018 11:16:03] "GET /static/assets/js/modernizr.js HTTP/1.1" 404 1683
[18/Apr/2018 11:16:04] "POST /VLookUpTool/vlookupform HTTP/1.1" 200 568342
[18/Apr/2018 11:17:14] "POST /VLookUpTool/vlookupform HTTP/1.1" 200 18694
[18/Apr/2018 11:17:14] "GET /static/assets/js/modernizr.js HTTP/1.1" 404 1683
[18/Apr/2018 11:18:03] "POST /VLookUpTool/vlookupform HTTP/1.1" 200 19376
[18/Apr/2018 11:18:03] "GET /static/assets/js/modernizr.js HTTP/1.1" 404 1683
[18/Apr/2018 11:18:14] "POST /VLookUpTool/vlookupform HTTP/1.1" 200 20058
[18/Apr/2018 11:18:14] "GET /static/assets/js/modernizr.js HTTP/1.1" 404 1683
[18/Apr/2018 11:19:50] "GET /static/assets/js/modernizr.js HTTP/1.1" 404 1683
[18/Apr/2018 11:19:51] "POST /VLookUpTool/vlookupform HTTP/1.1" 200 568252
[18/Apr/2018 11:21:54] "GET /static/assets/js/modernizr.js HTTP/1.1" 404 1683
[18/Apr/2018 11:21:55] "POST /VLookUpTool/vlookupform HTTP/1.1" 200 568988
[18/Apr/2018 11:22:39] "GET /static/assets/js/modernizr.js HTTP/1.1" 404 1683
[18/Apr/2018 11:22:40] "POST /VLookUpTool/vlookupform HTTP/1.1" 200 568252
Not Found: /
[18/Apr/2018 12:04:11] "GET / HTTP/1.1" 404 2032
Not Found: /favicon.ico
[18/Apr/2018 12:04:12] "GET /favicon.ico HTTP/1.1" 404 2083
Not Found: /
[18/Apr/2018 12:04:16] "GET / HTTP/1.1" 404 2032
Not Found: /
[18/Apr/2018 12:04:23] "GET / HTTP/1.1" 404 2032
Not Found: /
[18/Apr/2018 12:04:39] "GET / HTTP/1.1" 404 2032
Not Found: /
[18/Apr/2018 12:05:15] "GET / HTTP/1.1" 404 2032
Not Found: /
[18/Apr/2018 12:05:30] "GET / HTTP/1.1" 404 2032
Not Found: /
[18/Apr/2018 12:06:17] "GET / HTTP/1.1" 404 2032
Not Found: /
[18/Apr/2018 12:06:21] "GET / HTTP/1.1" 404 2032
Not Found: /
[18/Apr/2018 12:06:36] "GET / HTTP/1.1" 404 2032
Not Found: /
[18/Apr/2018 12:07:06] "GET / HTTP/1.1" 404 2032
